ARM GAS  C:\Users\Miriam\AppData\Local\Temp\cc1zZ3We.s 			page 1


   1              		.cpu cortex-m0
   2              		.fpu softvfp
   3              		.eabi_attribute 20, 1
   4              		.eabi_attribute 21, 1
   5              		.eabi_attribute 23, 3
   6              		.eabi_attribute 24, 1
   7              		.eabi_attribute 25, 1
   8              		.eabi_attribute 26, 1
   9              		.eabi_attribute 30, 6
  10              		.eabi_attribute 34, 0
  11              		.eabi_attribute 18, 4
  12              		.code	16
  13              		.file	"CapSense_TunerHelper.c"
  14              		.text
  15              	.Ltext0:
  16              		.cfi_sections	.debug_frame
  17              		.comm	CapSense_mailboxesComm,27,4
  18              		.section	.text.CapSense_TunerStart,"ax",%progbits
  19              		.align	2
  20              		.global	CapSense_TunerStart
  21              		.code	16
  22              		.thumb_func
  23              		.type	CapSense_TunerStart, %function
  24              	CapSense_TunerStart:
  25              	.LFB33:
  26              		.file 1 ".\\Generated_Source\\PSoC4\\CapSense_TunerHelper.c"
   1:.\Generated_Source\PSoC4/CapSense_TunerHelper.c **** /*******************************************************************************
   2:.\Generated_Source\PSoC4/CapSense_TunerHelper.c **** * File Name: CapSense_TunerHelper.c
   3:.\Generated_Source\PSoC4/CapSense_TunerHelper.c **** * Version 2.0
   4:.\Generated_Source\PSoC4/CapSense_TunerHelper.c **** *
   5:.\Generated_Source\PSoC4/CapSense_TunerHelper.c **** * Description:
   6:.\Generated_Source\PSoC4/CapSense_TunerHelper.c **** *  This file provides the source code of the Tuner helper APIs for the CapSense CSD 
   7:.\Generated_Source\PSoC4/CapSense_TunerHelper.c **** *  component.
   8:.\Generated_Source\PSoC4/CapSense_TunerHelper.c **** *
   9:.\Generated_Source\PSoC4/CapSense_TunerHelper.c **** * Note:
  10:.\Generated_Source\PSoC4/CapSense_TunerHelper.c **** *
  11:.\Generated_Source\PSoC4/CapSense_TunerHelper.c **** ********************************************************************************
  12:.\Generated_Source\PSoC4/CapSense_TunerHelper.c **** * Copyright 2014, Cypress Semiconductor Corporation.  All rights reserved.
  13:.\Generated_Source\PSoC4/CapSense_TunerHelper.c **** * You may use this file only in accordance with the license, terms, conditions,
  14:.\Generated_Source\PSoC4/CapSense_TunerHelper.c **** * disclaimers, and limitations in the end user license agreement accompanying
  15:.\Generated_Source\PSoC4/CapSense_TunerHelper.c **** * the software package with which this file was provided.
  16:.\Generated_Source\PSoC4/CapSense_TunerHelper.c **** *******************************************************************************/
  17:.\Generated_Source\PSoC4/CapSense_TunerHelper.c **** 
  18:.\Generated_Source\PSoC4/CapSense_TunerHelper.c **** #include "CapSense_TunerHelper.h"
  19:.\Generated_Source\PSoC4/CapSense_TunerHelper.c **** 
  20:.\Generated_Source\PSoC4/CapSense_TunerHelper.c **** #if (CapSense_TUNER_API_GENERATE)
  21:.\Generated_Source\PSoC4/CapSense_TunerHelper.c ****     #include "SCB_1.h"
  22:.\Generated_Source\PSoC4/CapSense_TunerHelper.c ****     #include "SCB_1_EZI2C.h"
  23:.\Generated_Source\PSoC4/CapSense_TunerHelper.c ****     volatile CapSense_MAILBOXES CapSense_mailboxesComm;
  24:.\Generated_Source\PSoC4/CapSense_TunerHelper.c ****     extern uint8 CapSense_sensorOnMask[(((CapSense_TOTAL_SENSOR_COUNT - 1u) / 8u) + 1u)];
  25:.\Generated_Source\PSoC4/CapSense_TunerHelper.c **** #endif  /* (CapSense_TUNER_API_GENERATE) */
  26:.\Generated_Source\PSoC4/CapSense_TunerHelper.c **** 
  27:.\Generated_Source\PSoC4/CapSense_TunerHelper.c **** 
  28:.\Generated_Source\PSoC4/CapSense_TunerHelper.c **** /*******************************************************************************
  29:.\Generated_Source\PSoC4/CapSense_TunerHelper.c **** * Function Name: CapSense_TunerStart
  30:.\Generated_Source\PSoC4/CapSense_TunerHelper.c **** ********************************************************************************
  31:.\Generated_Source\PSoC4/CapSense_TunerHelper.c **** *
ARM GAS  C:\Users\Miriam\AppData\Local\Temp\cc1zZ3We.s 			page 2


  32:.\Generated_Source\PSoC4/CapSense_TunerHelper.c **** * Summary:
  33:.\Generated_Source\PSoC4/CapSense_TunerHelper.c **** *  Initializes the CapSense CSD component and EzI2C communication component to use
  34:.\Generated_Source\PSoC4/CapSense_TunerHelper.c **** *  a mailbox data structure for communication with the Tuner GUI.
  35:.\Generated_Source\PSoC4/CapSense_TunerHelper.c **** *  Start the scanning, after initialization is complete.
  36:.\Generated_Source\PSoC4/CapSense_TunerHelper.c **** *
  37:.\Generated_Source\PSoC4/CapSense_TunerHelper.c **** * Parameters:
  38:.\Generated_Source\PSoC4/CapSense_TunerHelper.c **** *  None
  39:.\Generated_Source\PSoC4/CapSense_TunerHelper.c **** *
  40:.\Generated_Source\PSoC4/CapSense_TunerHelper.c **** * Return:
  41:.\Generated_Source\PSoC4/CapSense_TunerHelper.c **** *  None
  42:.\Generated_Source\PSoC4/CapSense_TunerHelper.c **** *
  43:.\Generated_Source\PSoC4/CapSense_TunerHelper.c **** * Global Variables:
  44:.\Generated_Source\PSoC4/CapSense_TunerHelper.c **** *  None
  45:.\Generated_Source\PSoC4/CapSense_TunerHelper.c **** *
  46:.\Generated_Source\PSoC4/CapSense_TunerHelper.c **** * Side Effects:
  47:.\Generated_Source\PSoC4/CapSense_TunerHelper.c **** *  None
  48:.\Generated_Source\PSoC4/CapSense_TunerHelper.c **** *
  49:.\Generated_Source\PSoC4/CapSense_TunerHelper.c **** *******************************************************************************/
  50:.\Generated_Source\PSoC4/CapSense_TunerHelper.c **** void CapSense_TunerStart(void)
  51:.\Generated_Source\PSoC4/CapSense_TunerHelper.c **** {
  27              		.loc 1 51 0
  28              		.cfi_startproc
  29 0000 80B5     		push	{r7, lr}
  30              	.LCFI0:
  31              		.cfi_def_cfa_offset 8
  32              		.cfi_offset 7, -8
  33              		.cfi_offset 14, -4
  34 0002 00AF     		add	r7, sp, #0
  35              	.LCFI1:
  36              		.cfi_def_cfa_register 7
  52:.\Generated_Source\PSoC4/CapSense_TunerHelper.c ****     #if (CapSense_TUNER_API_GENERATE)
  53:.\Generated_Source\PSoC4/CapSense_TunerHelper.c ****         
  54:.\Generated_Source\PSoC4/CapSense_TunerHelper.c ****         /* Init mbx and quick check */
  55:.\Generated_Source\PSoC4/CapSense_TunerHelper.c ****         CapSense_InitMailbox(&CapSense_mailboxesComm.csdMailbox);
  37              		.loc 1 55 0
  38 0004 0C4B     		ldr	r3, .L2
  39 0006 181C     		mov	r0, r3
  40 0008 FFF7FEFF 		bl	CapSense_InitMailbox
  56:.\Generated_Source\PSoC4/CapSense_TunerHelper.c ****         CapSense_mailboxesComm.numMailBoxes = CapSense_DEFAULT_MAILBOXES_NUMBER;
  41              		.loc 1 56 0
  42 000c 0B4B     		ldr	r3, .L2+4
  43 000e 0122     		mov	r2, #1
  44 0010 1A70     		strb	r2, [r3]
  57:.\Generated_Source\PSoC4/CapSense_TunerHelper.c ****         
  58:.\Generated_Source\PSoC4/CapSense_TunerHelper.c ****         /* Start CapSense and baselines */
  59:.\Generated_Source\PSoC4/CapSense_TunerHelper.c ****         CapSense_Start();
  45              		.loc 1 59 0
  46 0012 FFF7FEFF 		bl	CapSense_Start
  60:.\Generated_Source\PSoC4/CapSense_TunerHelper.c ****         
  61:.\Generated_Source\PSoC4/CapSense_TunerHelper.c ****         /* Initialize baselines */ 
  62:.\Generated_Source\PSoC4/CapSense_TunerHelper.c ****         CapSense_InitializeEnabledBaselines();
  47              		.loc 1 62 0
  48 0016 FFF7FEFF 		bl	CapSense_InitializeEnabledBaselines
  63:.\Generated_Source\PSoC4/CapSense_TunerHelper.c ****         CapSense_InitializeEnabledBaselines();
  49              		.loc 1 63 0
  50 001a FFF7FEFF 		bl	CapSense_InitializeEnabledBaselines
  64:.\Generated_Source\PSoC4/CapSense_TunerHelper.c ****         
ARM GAS  C:\Users\Miriam\AppData\Local\Temp\cc1zZ3We.s 			page 3


  65:.\Generated_Source\PSoC4/CapSense_TunerHelper.c ****         /* Start EzI2C, clears buf pointers */
  66:.\Generated_Source\PSoC4/CapSense_TunerHelper.c ****         SCB_1_Start();
  51              		.loc 1 66 0
  52 001e FFF7FEFF 		bl	SCB_1_Start
  67:.\Generated_Source\PSoC4/CapSense_TunerHelper.c ****         
  68:.\Generated_Source\PSoC4/CapSense_TunerHelper.c ****         /* Setup EzI2C buffers */
  69:.\Generated_Source\PSoC4/CapSense_TunerHelper.c ****         SCB_1_EzI2CSetBuffer1(sizeof(CapSense_mailboxesComm), sizeof(CapSense_mailboxesComm),
  53              		.loc 1 69 0
  54 0022 064B     		ldr	r3, .L2+4
  55 0024 1B20     		mov	r0, #27
  56 0026 1B21     		mov	r1, #27
  57 0028 1A1C     		mov	r2, r3
  58 002a FFF7FEFF 		bl	SCB_1_EzI2CSetBuffer1
  70:.\Generated_Source\PSoC4/CapSense_TunerHelper.c ****                                         (volatile uint8 *) &CapSense_mailboxesComm);
  71:.\Generated_Source\PSoC4/CapSense_TunerHelper.c ****         
  72:.\Generated_Source\PSoC4/CapSense_TunerHelper.c ****         /* Starts scan all enabled sensors */
  73:.\Generated_Source\PSoC4/CapSense_TunerHelper.c ****         CapSense_ScanEnabledWidgets();
  59              		.loc 1 73 0
  60 002e FFF7FEFF 		bl	CapSense_ScanEnabledWidgets
  74:.\Generated_Source\PSoC4/CapSense_TunerHelper.c ****     
  75:.\Generated_Source\PSoC4/CapSense_TunerHelper.c ****     #endif  /* (CapSense_TUNER_API_GENERATE) */
  76:.\Generated_Source\PSoC4/CapSense_TunerHelper.c **** }
  61              		.loc 1 76 0
  62 0032 BD46     		mov	sp, r7
  63              		@ sp needed for prologue
  64 0034 80BD     		pop	{r7, pc}
  65              	.L3:
  66 0036 C046     		.align	2
  67              	.L2:
  68 0038 01000000 		.word	CapSense_mailboxesComm+1
  69 003c 00000000 		.word	CapSense_mailboxesComm
  70              		.cfi_endproc
  71              	.LFE33:
  72              		.size	CapSense_TunerStart, .-CapSense_TunerStart
  73              		.section	.text.CapSense_TunerComm,"ax",%progbits
  74              		.align	2
  75              		.global	CapSense_TunerComm
  76              		.code	16
  77              		.thumb_func
  78              		.type	CapSense_TunerComm, %function
  79              	CapSense_TunerComm:
  80              	.LFB34:
  77:.\Generated_Source\PSoC4/CapSense_TunerHelper.c **** 
  78:.\Generated_Source\PSoC4/CapSense_TunerHelper.c **** 
  79:.\Generated_Source\PSoC4/CapSense_TunerHelper.c **** /*******************************************************************************
  80:.\Generated_Source\PSoC4/CapSense_TunerHelper.c **** * Function Name: CapSense_TunerComm
  81:.\Generated_Source\PSoC4/CapSense_TunerHelper.c **** ********************************************************************************
  82:.\Generated_Source\PSoC4/CapSense_TunerHelper.c **** *
  83:.\Generated_Source\PSoC4/CapSense_TunerHelper.c **** * Summary:
  84:.\Generated_Source\PSoC4/CapSense_TunerHelper.c **** *  This function is blocking. It waits till scanning loop is completed and applies
  85:.\Generated_Source\PSoC4/CapSense_TunerHelper.c **** *  the new parameters from the Tuner GUI if available (the manual tuning mode only). Updates
  86:.\Generated_Source\PSoC4/CapSense_TunerHelper.c **** *  the enabled baselines and state of widgets. Waits while the Tuner GUI reports that 
  87:.\Generated_Source\PSoC4/CapSense_TunerHelper.c **** *  the mailbox content  could be modified. Then loads the report data into the outbox 
  88:.\Generated_Source\PSoC4/CapSense_TunerHelper.c **** *  and sets a busy flag. Starts a new scanning loop.
  89:.\Generated_Source\PSoC4/CapSense_TunerHelper.c **** *  
  90:.\Generated_Source\PSoC4/CapSense_TunerHelper.c **** * Parameters:
  91:.\Generated_Source\PSoC4/CapSense_TunerHelper.c **** *  None
ARM GAS  C:\Users\Miriam\AppData\Local\Temp\cc1zZ3We.s 			page 4


  92:.\Generated_Source\PSoC4/CapSense_TunerHelper.c **** *
  93:.\Generated_Source\PSoC4/CapSense_TunerHelper.c **** * Return:
  94:.\Generated_Source\PSoC4/CapSense_TunerHelper.c **** *  None
  95:.\Generated_Source\PSoC4/CapSense_TunerHelper.c **** *
  96:.\Generated_Source\PSoC4/CapSense_TunerHelper.c **** * Global Variables:
  97:.\Generated_Source\PSoC4/CapSense_TunerHelper.c **** *  None
  98:.\Generated_Source\PSoC4/CapSense_TunerHelper.c **** *
  99:.\Generated_Source\PSoC4/CapSense_TunerHelper.c **** * Side Effects:
 100:.\Generated_Source\PSoC4/CapSense_TunerHelper.c **** *  None
 101:.\Generated_Source\PSoC4/CapSense_TunerHelper.c **** *
 102:.\Generated_Source\PSoC4/CapSense_TunerHelper.c **** *******************************************************************************/
 103:.\Generated_Source\PSoC4/CapSense_TunerHelper.c **** void CapSense_TunerComm(void)
 104:.\Generated_Source\PSoC4/CapSense_TunerHelper.c **** {
  81              		.loc 1 104 0
  82              		.cfi_startproc
  83 0000 80B5     		push	{r7, lr}
  84              	.LCFI2:
  85              		.cfi_def_cfa_offset 8
  86              		.cfi_offset 7, -8
  87              		.cfi_offset 14, -4
  88 0002 00AF     		add	r7, sp, #0
  89              	.LCFI3:
  90              		.cfi_def_cfa_register 7
 105:.\Generated_Source\PSoC4/CapSense_TunerHelper.c ****     #if (CapSense_TUNER_API_GENERATE)
 106:.\Generated_Source\PSoC4/CapSense_TunerHelper.c ****         if (0u == CapSense_IsBusy())
  91              		.loc 1 106 0
  92 0004 FFF7FEFF 		bl	CapSense_IsBusy
  93 0008 031C     		mov	r3, r0
  94 000a 002B     		cmp	r3, #0
  95 000c 1DD1     		bne	.L4
 107:.\Generated_Source\PSoC4/CapSense_TunerHelper.c ****         {   
 108:.\Generated_Source\PSoC4/CapSense_TunerHelper.c ****             /* Apply new settings */
 109:.\Generated_Source\PSoC4/CapSense_TunerHelper.c ****             #if (CapSense_TUNING_METHOD == CapSense__TUNING_MANUAL)
 110:.\Generated_Source\PSoC4/CapSense_TunerHelper.c ****                 CapSense_ReadMessage(&CapSense_mailboxesComm.csdMailbox);
 111:.\Generated_Source\PSoC4/CapSense_TunerHelper.c ****             #endif  /* (CapSense_TUNING_METHOD == CapSense__TUNING_MANUAL) */
 112:.\Generated_Source\PSoC4/CapSense_TunerHelper.c **** 
 113:.\Generated_Source\PSoC4/CapSense_TunerHelper.c ****             /* Update all baselines and process all widgets */
 114:.\Generated_Source\PSoC4/CapSense_TunerHelper.c ****             CapSense_UpdateEnabledBaselines();
  96              		.loc 1 114 0
  97 000e FFF7FEFF 		bl	CapSense_UpdateEnabledBaselines
 115:.\Generated_Source\PSoC4/CapSense_TunerHelper.c ****             CapSense_ProcessAllWidgets(&CapSense_mailboxesComm.csdMailbox.outbox);
  98              		.loc 1 115 0
  99 0012 0F4B     		ldr	r3, .L7
 100 0014 181C     		mov	r0, r3
 101 0016 FFF7FEFF 		bl	CapSense_ProcessAllWidgets
 116:.\Generated_Source\PSoC4/CapSense_TunerHelper.c ****             CapSense_PostMessage(&CapSense_mailboxesComm.csdMailbox);
 102              		.loc 1 116 0
 103 001a 0E4B     		ldr	r3, .L7+4
 104 001c 181C     		mov	r0, r3
 105 001e FFF7FEFF 		bl	CapSense_PostMessage
 117:.\Generated_Source\PSoC4/CapSense_TunerHelper.c **** 
 118:.\Generated_Source\PSoC4/CapSense_TunerHelper.c ****             /* Enable EZI2C interrupts, after scan complete */
 119:.\Generated_Source\PSoC4/CapSense_TunerHelper.c ****             SCB_1_EnableInt();
 106              		.loc 1 119 0
 107 0022 0B20     		mov	r0, #11
 108 0024 FFF7FEFF 		bl	CyIntEnable
 120:.\Generated_Source\PSoC4/CapSense_TunerHelper.c **** 
ARM GAS  C:\Users\Miriam\AppData\Local\Temp\cc1zZ3We.s 			page 5


 121:.\Generated_Source\PSoC4/CapSense_TunerHelper.c ****             while((CapSense_mailboxesComm.csdMailbox.type != CapSense_TYPE_ID) || \
 109              		.loc 1 121 0
 110 0028 C046     		mov	r8, r8
 111              	.L6:
 112              		.loc 1 121 0 is_stmt 0 discriminator 1
 113 002a 0B4B     		ldr	r3, .L7+8
 114 002c 5B78     		ldrb	r3, [r3, #1]
 115 002e DBB2     		uxtb	r3, r3
 116 0030 042B     		cmp	r3, #4
 117 0032 FAD1     		bne	.L6
 122:.\Generated_Source\PSoC4/CapSense_TunerHelper.c **** 			      (0u != (SCB_1_EzI2CGetActivity() & SCB_1_EZI2C_STATUS_BUSY))){;}
 118              		.loc 1 122 0 is_stmt 1 discriminator 2
 119 0034 FFF7FEFF 		bl	SCB_1_EzI2CGetActivity
 120 0038 021C     		mov	r2, r0
 121 003a 2023     		mov	r3, #32
 122 003c 1340     		and	r3, r2
 121:.\Generated_Source\PSoC4/CapSense_TunerHelper.c ****             while((CapSense_mailboxesComm.csdMailbox.type != CapSense_TYPE_ID) || \
 123              		.loc 1 121 0 discriminator 2
 124 003e F4D1     		bne	.L6
 123:.\Generated_Source\PSoC4/CapSense_TunerHelper.c ****             
 124:.\Generated_Source\PSoC4/CapSense_TunerHelper.c ****             /* Disable EZI2C interrupts, while scanning */
 125:.\Generated_Source\PSoC4/CapSense_TunerHelper.c ****             SCB_1_DisableInt();
 125              		.loc 1 125 0
 126 0040 0B20     		mov	r0, #11
 127 0042 FFF7FEFF 		bl	CyIntDisable
 126:.\Generated_Source\PSoC4/CapSense_TunerHelper.c ****             
 127:.\Generated_Source\PSoC4/CapSense_TunerHelper.c ****             /* Start scan all sensors */
 128:.\Generated_Source\PSoC4/CapSense_TunerHelper.c ****             CapSense_ScanEnabledWidgets();
 128              		.loc 1 128 0
 129 0046 FFF7FEFF 		bl	CapSense_ScanEnabledWidgets
 130              	.L4:
 129:.\Generated_Source\PSoC4/CapSense_TunerHelper.c ****         }
 130:.\Generated_Source\PSoC4/CapSense_TunerHelper.c ****     #endif /* (CapSense_TUNER_API_GENERATE) */
 131:.\Generated_Source\PSoC4/CapSense_TunerHelper.c **** 
 132:.\Generated_Source\PSoC4/CapSense_TunerHelper.c **** }
 131              		.loc 1 132 0
 132 004a BD46     		mov	sp, r7
 133              		@ sp needed for prologue
 134 004c 80BD     		pop	{r7, pc}
 135              	.L8:
 136 004e C046     		.align	2
 137              	.L7:
 138 0050 04000000 		.word	CapSense_mailboxesComm+4
 139 0054 01000000 		.word	CapSense_mailboxesComm+1
 140 0058 00000000 		.word	CapSense_mailboxesComm
 141              		.cfi_endproc
 142              	.LFE34:
 143              		.size	CapSense_TunerComm, .-CapSense_TunerComm
 144              		.section	.text.CapSense_ProcessAllWidgets,"ax",%progbits
 145              		.align	2
 146              		.global	CapSense_ProcessAllWidgets
 147              		.code	16
 148              		.thumb_func
 149              		.type	CapSense_ProcessAllWidgets, %function
 150              	CapSense_ProcessAllWidgets:
 151              	.LFB35:
 133:.\Generated_Source\PSoC4/CapSense_TunerHelper.c **** 
ARM GAS  C:\Users\Miriam\AppData\Local\Temp\cc1zZ3We.s 			page 6


 134:.\Generated_Source\PSoC4/CapSense_TunerHelper.c **** 
 135:.\Generated_Source\PSoC4/CapSense_TunerHelper.c **** #if (CapSense_TUNER_API_GENERATE)
 136:.\Generated_Source\PSoC4/CapSense_TunerHelper.c ****     /*******************************************************************************
 137:.\Generated_Source\PSoC4/CapSense_TunerHelper.c ****     * Function Name: CapSense_ProcessAllWidgets
 138:.\Generated_Source\PSoC4/CapSense_TunerHelper.c ****     ********************************************************************************
 139:.\Generated_Source\PSoC4/CapSense_TunerHelper.c ****     *
 140:.\Generated_Source\PSoC4/CapSense_TunerHelper.c ****     * Summary:
 141:.\Generated_Source\PSoC4/CapSense_TunerHelper.c ****     *  Calls the required functions to update all the widgets' state:
 142:.\Generated_Source\PSoC4/CapSense_TunerHelper.c ****     *   - CapSense_GetCentroidPos() - calls only if linear sliders are
 143:.\Generated_Source\PSoC4/CapSense_TunerHelper.c ****     *     available.
 144:.\Generated_Source\PSoC4/CapSense_TunerHelper.c ****     *   - CapSense_GetRadialCentroidPos() - calls only if the  radial slider is
 145:.\Generated_Source\PSoC4/CapSense_TunerHelper.c ****     *     available.
 146:.\Generated_Source\PSoC4/CapSense_TunerHelper.c ****     *   - CapSense_GetTouchCentroidPos() - calls only if the  touchpad slider 
 147:.\Generated_Source\PSoC4/CapSense_TunerHelper.c ****     *     available.
 148:.\Generated_Source\PSoC4/CapSense_TunerHelper.c ****     *   - CapSense_CheckIsAnyWidgetActive();
 149:.\Generated_Source\PSoC4/CapSense_TunerHelper.c ****     *  The results of operations are copied to OUTBOX.
 150:.\Generated_Source\PSoC4/CapSense_TunerHelper.c ****     *   
 151:.\Generated_Source\PSoC4/CapSense_TunerHelper.c ****     * Parameters:
 152:.\Generated_Source\PSoC4/CapSense_TunerHelper.c ****     *  None
 153:.\Generated_Source\PSoC4/CapSense_TunerHelper.c ****     *
 154:.\Generated_Source\PSoC4/CapSense_TunerHelper.c ****     * Return:
 155:.\Generated_Source\PSoC4/CapSense_TunerHelper.c ****     *  None
 156:.\Generated_Source\PSoC4/CapSense_TunerHelper.c ****     *
 157:.\Generated_Source\PSoC4/CapSense_TunerHelper.c ****     * Global Variables:
 158:.\Generated_Source\PSoC4/CapSense_TunerHelper.c ****     *  CapSense_OUTBOX outbox - the structure which is used as an output 
 159:.\Generated_Source\PSoC4/CapSense_TunerHelper.c ****     *  buffer to report data to the Tuner GUI.
 160:.\Generated_Source\PSoC4/CapSense_TunerHelper.c ****     *  Update fields:
 161:.\Generated_Source\PSoC4/CapSense_TunerHelper.c ****     *    - position[];
 162:.\Generated_Source\PSoC4/CapSense_TunerHelper.c ****     *    - OnMask[];
 163:.\Generated_Source\PSoC4/CapSense_TunerHelper.c **** 	*
 164:.\Generated_Source\PSoC4/CapSense_TunerHelper.c **** 	* Global Variables:
 165:.\Generated_Source\PSoC4/CapSense_TunerHelper.c **** 	*  None
 166:.\Generated_Source\PSoC4/CapSense_TunerHelper.c **** 	*
 167:.\Generated_Source\PSoC4/CapSense_TunerHelper.c **** 	* Side Effects:
 168:.\Generated_Source\PSoC4/CapSense_TunerHelper.c **** 	*  None
 169:.\Generated_Source\PSoC4/CapSense_TunerHelper.c **** 	*
 170:.\Generated_Source\PSoC4/CapSense_TunerHelper.c ****     *******************************************************************************/
 171:.\Generated_Source\PSoC4/CapSense_TunerHelper.c ****     void CapSense_ProcessAllWidgets(volatile CapSense_OUTBOX *outbox)
 172:.\Generated_Source\PSoC4/CapSense_TunerHelper.c ****     {
 152              		.loc 1 172 0
 153              		.cfi_startproc
 154 0000 80B5     		push	{r7, lr}
 155              	.LCFI4:
 156              		.cfi_def_cfa_offset 8
 157              		.cfi_offset 7, -8
 158              		.cfi_offset 14, -4
 159 0002 84B0     		sub	sp, sp, #16
 160              	.LCFI5:
 161              		.cfi_def_cfa_offset 24
 162 0004 00AF     		add	r7, sp, #0
 163              	.LCFI6:
 164              		.cfi_def_cfa_register 7
 165 0006 7860     		str	r0, [r7, #4]
 173:.\Generated_Source\PSoC4/CapSense_TunerHelper.c ****         uint8 i = 0u;
 166              		.loc 1 173 0
 167 0008 3B1C     		mov	r3, r7
 168 000a 0F33     		add	r3, r3, #15
ARM GAS  C:\Users\Miriam\AppData\Local\Temp\cc1zZ3We.s 			page 7


 169 000c 0022     		mov	r2, #0
 170 000e 1A70     		strb	r2, [r3]
 174:.\Generated_Source\PSoC4/CapSense_TunerHelper.c **** 		#if (CapSense_TOTAL_MATRIX_BUTTONS_COUNT)
 175:.\Generated_Source\PSoC4/CapSense_TunerHelper.c ****         	uint8 mbPosition[2u];
 176:.\Generated_Source\PSoC4/CapSense_TunerHelper.c **** 		#endif /* (CapSense_TOTAL_MATRIX_BUTTONS_COUNT) */
 177:.\Generated_Source\PSoC4/CapSense_TunerHelper.c **** 
 178:.\Generated_Source\PSoC4/CapSense_TunerHelper.c ****         #if (CapSense_TOTAL_TOUCH_PADS_COUNT)
 179:.\Generated_Source\PSoC4/CapSense_TunerHelper.c ****             uint16 pos[2];
 180:.\Generated_Source\PSoC4/CapSense_TunerHelper.c ****         #endif  /* (CapSense_TOTAL_TOUCH_PADS_COUNT) */
 181:.\Generated_Source\PSoC4/CapSense_TunerHelper.c ****         
 182:.\Generated_Source\PSoC4/CapSense_TunerHelper.c ****         #if ( (CapSense_TOTAL_RADIAL_SLIDERS_COUNT) || (CapSense_TOTAL_TOUCH_PADS_COUNT) || \
 183:.\Generated_Source\PSoC4/CapSense_TunerHelper.c ****               (CapSense_TOTAL_MATRIX_BUTTONS_COUNT) )
 184:.\Generated_Source\PSoC4/CapSense_TunerHelper.c ****             uint8 widgetCnt;
 185:.\Generated_Source\PSoC4/CapSense_TunerHelper.c ****         #endif  /* ((CapSense_TOTAL_RADIAL_SLIDERS_COUNT) || (CapSense_TOTAL_TOUCH_PADS_COUNT)) || 
 186:.\Generated_Source\PSoC4/CapSense_TunerHelper.c ****                 *   (CapSense_TOTAL_MATRIX_BUTTONS_COUNT)
 187:.\Generated_Source\PSoC4/CapSense_TunerHelper.c ****                 */
 188:.\Generated_Source\PSoC4/CapSense_TunerHelper.c ****         
 189:.\Generated_Source\PSoC4/CapSense_TunerHelper.c ****         /* Calculate widget with centroids */
 190:.\Generated_Source\PSoC4/CapSense_TunerHelper.c ****         #if (CapSense_TOTAL_LINEAR_SLIDERS_COUNT)
 191:.\Generated_Source\PSoC4/CapSense_TunerHelper.c ****             for(; i < CapSense_TOTAL_LINEAR_SLIDERS_COUNT; i++)
 192:.\Generated_Source\PSoC4/CapSense_TunerHelper.c ****             {
 193:.\Generated_Source\PSoC4/CapSense_TunerHelper.c ****                 outbox->position[i] = (uint16)CapSense_GetCentroidPos((uint32)i);
 194:.\Generated_Source\PSoC4/CapSense_TunerHelper.c ****             }
 195:.\Generated_Source\PSoC4/CapSense_TunerHelper.c ****         #endif /* (CapSense_TOTAL_LINEAR_SLIDERS_COUNT) */
 196:.\Generated_Source\PSoC4/CapSense_TunerHelper.c ****         
 197:.\Generated_Source\PSoC4/CapSense_TunerHelper.c ****         #if (CapSense_TOTAL_RADIAL_SLIDERS_COUNT)
 198:.\Generated_Source\PSoC4/CapSense_TunerHelper.c ****             widgetCnt = i;
 199:.\Generated_Source\PSoC4/CapSense_TunerHelper.c ****             for(; i < (widgetCnt + CapSense_TOTAL_RADIAL_SLIDERS_COUNT); i++)
 200:.\Generated_Source\PSoC4/CapSense_TunerHelper.c ****             {
 201:.\Generated_Source\PSoC4/CapSense_TunerHelper.c ****                 outbox->position[i] = (uint16)CapSense_GetRadialCentroidPos((uint32)i);
 202:.\Generated_Source\PSoC4/CapSense_TunerHelper.c ****             }
 203:.\Generated_Source\PSoC4/CapSense_TunerHelper.c ****         #endif /* (CapSense_TOTAL_RADIAL_SLIDERS_COUNT) */
 204:.\Generated_Source\PSoC4/CapSense_TunerHelper.c ****         
 205:.\Generated_Source\PSoC4/CapSense_TunerHelper.c ****         #if (CapSense_TOTAL_TOUCH_PADS_COUNT)
 206:.\Generated_Source\PSoC4/CapSense_TunerHelper.c ****             widgetCnt = i;
 207:.\Generated_Source\PSoC4/CapSense_TunerHelper.c ****             for(; i < (widgetCnt + (CapSense_TOTAL_TOUCH_PADS_COUNT * 2u)); i=i+2u)
 208:.\Generated_Source\PSoC4/CapSense_TunerHelper.c ****             {
 209:.\Generated_Source\PSoC4/CapSense_TunerHelper.c ****                 if(CapSense_GetTouchCentroidPos((uint32)i, pos) == 0u)
 210:.\Generated_Source\PSoC4/CapSense_TunerHelper.c ****                 {
 211:.\Generated_Source\PSoC4/CapSense_TunerHelper.c ****                     outbox->position[i] = 0xFFFFu;
 212:.\Generated_Source\PSoC4/CapSense_TunerHelper.c ****                     outbox->position[i+1u] = 0xFFFFu;
 213:.\Generated_Source\PSoC4/CapSense_TunerHelper.c ****                 }
 214:.\Generated_Source\PSoC4/CapSense_TunerHelper.c ****                 else
 215:.\Generated_Source\PSoC4/CapSense_TunerHelper.c ****                 {
 216:.\Generated_Source\PSoC4/CapSense_TunerHelper.c ****                     outbox->position[i] = (uint16) pos[0u];
 217:.\Generated_Source\PSoC4/CapSense_TunerHelper.c ****                     outbox->position[i+1u] =(uint16) pos[1u];
 218:.\Generated_Source\PSoC4/CapSense_TunerHelper.c ****                 }
 219:.\Generated_Source\PSoC4/CapSense_TunerHelper.c ****             }
 220:.\Generated_Source\PSoC4/CapSense_TunerHelper.c ****         #endif /* (CapSense_TOTAL_TOUCH_PADS_COUNT) */
 221:.\Generated_Source\PSoC4/CapSense_TunerHelper.c **** 
 222:.\Generated_Source\PSoC4/CapSense_TunerHelper.c ****         #if (CapSense_TOTAL_MATRIX_BUTTONS_COUNT)
 223:.\Generated_Source\PSoC4/CapSense_TunerHelper.c ****             i += CapSense_TOTAL_BUTTONS_COUNT;
 224:.\Generated_Source\PSoC4/CapSense_TunerHelper.c ****             widgetCnt = 0u;
 225:.\Generated_Source\PSoC4/CapSense_TunerHelper.c ****             for(; widgetCnt < (CapSense_TOTAL_MATRIX_BUTTONS_COUNT * 2u); widgetCnt += 2u)
 226:.\Generated_Source\PSoC4/CapSense_TunerHelper.c ****             {
 227:.\Generated_Source\PSoC4/CapSense_TunerHelper.c ****                 if(CapSense_GetMatrixButtonPos((uint32)i, mbPosition) == 0u)
 228:.\Generated_Source\PSoC4/CapSense_TunerHelper.c ****                 {
ARM GAS  C:\Users\Miriam\AppData\Local\Temp\cc1zZ3We.s 			page 8


 229:.\Generated_Source\PSoC4/CapSense_TunerHelper.c ****                     outbox->mb_position[widgetCnt] = 0xFFu;
 230:.\Generated_Source\PSoC4/CapSense_TunerHelper.c ****                     outbox->mb_position[widgetCnt+1u] = 0xFFu;
 231:.\Generated_Source\PSoC4/CapSense_TunerHelper.c ****                 }
 232:.\Generated_Source\PSoC4/CapSense_TunerHelper.c **** 				else
 233:.\Generated_Source\PSoC4/CapSense_TunerHelper.c **** 				{
 234:.\Generated_Source\PSoC4/CapSense_TunerHelper.c **** 					outbox->mb_position[widgetCnt] = mbPosition[0u];
 235:.\Generated_Source\PSoC4/CapSense_TunerHelper.c **** 					outbox->mb_position[widgetCnt+1u] = mbPosition[1u];
 236:.\Generated_Source\PSoC4/CapSense_TunerHelper.c **** 				}
 237:.\Generated_Source\PSoC4/CapSense_TunerHelper.c ****                 i += 2u;
 238:.\Generated_Source\PSoC4/CapSense_TunerHelper.c ****             }
 239:.\Generated_Source\PSoC4/CapSense_TunerHelper.c ****         #endif /* (CapSense_TOTAL_MATRIX_BUTTONS_COUNT) */
 240:.\Generated_Source\PSoC4/CapSense_TunerHelper.c **** 
 241:.\Generated_Source\PSoC4/CapSense_TunerHelper.c ****         /* Update On/Off State */
 242:.\Generated_Source\PSoC4/CapSense_TunerHelper.c ****         (void)CapSense_CheckIsAnyWidgetActive();
 171              		.loc 1 242 0
 172 0010 FFF7FEFF 		bl	CapSense_CheckIsAnyWidgetActive
 243:.\Generated_Source\PSoC4/CapSense_TunerHelper.c **** 
 244:.\Generated_Source\PSoC4/CapSense_TunerHelper.c ****         /* Copy OnMask */
 245:.\Generated_Source\PSoC4/CapSense_TunerHelper.c ****         for(i=0u; i < CapSense_TOTAL_SENSOR_MASK_COUNT; i++)
 173              		.loc 1 245 0
 174 0014 3B1C     		mov	r3, r7
 175 0016 0F33     		add	r3, r3, #15
 176 0018 0022     		mov	r2, #0
 177 001a 1A70     		strb	r2, [r3]
 178 001c 11E0     		b	.L10
 179              	.L11:
 246:.\Generated_Source\PSoC4/CapSense_TunerHelper.c ****         {
 247:.\Generated_Source\PSoC4/CapSense_TunerHelper.c ****             outbox->onMask[i]  = CapSense_sensorOnMask[i];
 180              		.loc 1 247 0 discriminator 2
 181 001e 3B1C     		mov	r3, r7
 182 0020 0F33     		add	r3, r3, #15
 183 0022 1B78     		ldrb	r3, [r3]
 184 0024 3A1C     		mov	r2, r7
 185 0026 0F32     		add	r2, r2, #15
 186 0028 1278     		ldrb	r2, [r2]
 187 002a 0A49     		ldr	r1, .L12
 188 002c 8A5C     		ldrb	r2, [r1, r2]
 189 002e 7968     		ldr	r1, [r7, #4]
 190 0030 CB18     		add	r3, r1, r3
 191 0032 1A75     		strb	r2, [r3, #20]
 245:.\Generated_Source\PSoC4/CapSense_TunerHelper.c ****         for(i=0u; i < CapSense_TOTAL_SENSOR_MASK_COUNT; i++)
 192              		.loc 1 245 0 discriminator 2
 193 0034 3B1C     		mov	r3, r7
 194 0036 0F33     		add	r3, r3, #15
 195 0038 3A1C     		mov	r2, r7
 196 003a 0F32     		add	r2, r2, #15
 197 003c 1278     		ldrb	r2, [r2]
 198 003e 0132     		add	r2, r2, #1
 199 0040 1A70     		strb	r2, [r3]
 200              	.L10:
 245:.\Generated_Source\PSoC4/CapSense_TunerHelper.c ****         for(i=0u; i < CapSense_TOTAL_SENSOR_MASK_COUNT; i++)
 201              		.loc 1 245 0 is_stmt 0 discriminator 1
 202 0042 3B1C     		mov	r3, r7
 203 0044 0F33     		add	r3, r3, #15
 204 0046 1B78     		ldrb	r3, [r3]
 205 0048 002B     		cmp	r3, #0
 206 004a E8D0     		beq	.L11
ARM GAS  C:\Users\Miriam\AppData\Local\Temp\cc1zZ3We.s 			page 9


 248:.\Generated_Source\PSoC4/CapSense_TunerHelper.c ****         }
 249:.\Generated_Source\PSoC4/CapSense_TunerHelper.c ****     }
 207              		.loc 1 249 0 is_stmt 1
 208 004c BD46     		mov	sp, r7
 209 004e 04B0     		add	sp, sp, #16
 210              		@ sp needed for prologue
 211 0050 80BD     		pop	{r7, pc}
 212              	.L13:
 213 0052 C046     		.align	2
 214              	.L12:
 215 0054 00000000 		.word	CapSense_sensorOnMask
 216              		.cfi_endproc
 217              	.LFE35:
 218              		.size	CapSense_ProcessAllWidgets, .-CapSense_ProcessAllWidgets
 219              		.text
 220              	.Letext0:
 221              		.file 2 ".\\Generated_Source\\PSoC4\\cytypes.h"
 222              		.file 3 ".\\Generated_Source\\PSoC4\\CapSense_MBX.h"
 223              		.section	.debug_info,"",%progbits
 224              	.Ldebug_info0:
 225 0000 31020000 		.4byte	0x231
 226 0004 0200     		.2byte	0x2
 227 0006 00000000 		.4byte	.Ldebug_abbrev0
 228 000a 04       		.byte	0x4
 229 000b 01       		.uleb128 0x1
 230 000c 16020000 		.4byte	.LASF33
 231 0010 01       		.byte	0x1
 232 0011 3E010000 		.4byte	.LASF34
 233 0015 8B000000 		.4byte	.LASF35
 234 0019 00000000 		.4byte	.Ldebug_ranges0+0
 235 001d 00000000 		.4byte	0
 236 0021 00000000 		.4byte	0
 237 0025 00000000 		.4byte	.Ldebug_line0
 238 0029 02       		.uleb128 0x2
 239 002a 01       		.byte	0x1
 240 002b 06       		.byte	0x6
 241 002c 01020000 		.4byte	.LASF0
 242 0030 02       		.uleb128 0x2
 243 0031 01       		.byte	0x1
 244 0032 08       		.byte	0x8
 245 0033 CA000000 		.4byte	.LASF1
 246 0037 02       		.uleb128 0x2
 247 0038 02       		.byte	0x2
 248 0039 05       		.byte	0x5
 249 003a B6010000 		.4byte	.LASF2
 250 003e 02       		.uleb128 0x2
 251 003f 02       		.byte	0x2
 252 0040 07       		.byte	0x7
 253 0041 27000000 		.4byte	.LASF3
 254 0045 02       		.uleb128 0x2
 255 0046 04       		.byte	0x4
 256 0047 05       		.byte	0x5
 257 0048 F8010000 		.4byte	.LASF4
 258 004c 02       		.uleb128 0x2
 259 004d 04       		.byte	0x4
 260 004e 07       		.byte	0x7
 261 004f 73000000 		.4byte	.LASF5
ARM GAS  C:\Users\Miriam\AppData\Local\Temp\cc1zZ3We.s 			page 10


 262 0053 02       		.uleb128 0x2
 263 0054 08       		.byte	0x8
 264 0055 05       		.byte	0x5
 265 0056 8E010000 		.4byte	.LASF6
 266 005a 02       		.uleb128 0x2
 267 005b 08       		.byte	0x8
 268 005c 07       		.byte	0x7
 269 005d 01010000 		.4byte	.LASF7
 270 0061 03       		.uleb128 0x3
 271 0062 04       		.byte	0x4
 272 0063 05       		.byte	0x5
 273 0064 696E7400 		.ascii	"int\000"
 274 0068 02       		.uleb128 0x2
 275 0069 04       		.byte	0x4
 276 006a 07       		.byte	0x7
 277 006b F4000000 		.4byte	.LASF8
 278 006f 04       		.uleb128 0x4
 279 0070 85000000 		.4byte	.LASF9
 280 0074 02       		.byte	0x2
 281 0075 5B       		.byte	0x5b
 282 0076 30000000 		.4byte	0x30
 283 007a 04       		.uleb128 0x4
 284 007b E6000000 		.4byte	.LASF10
 285 007f 02       		.byte	0x2
 286 0080 5C       		.byte	0x5c
 287 0081 3E000000 		.4byte	0x3e
 288 0085 04       		.uleb128 0x4
 289 0086 ED000000 		.4byte	.LASF11
 290 008a 02       		.byte	0x2
 291 008b 5D       		.byte	0x5d
 292 008c 4C000000 		.4byte	0x4c
 293 0090 02       		.uleb128 0x2
 294 0091 04       		.byte	0x4
 295 0092 04       		.byte	0x4
 296 0093 68000000 		.4byte	.LASF12
 297 0097 02       		.uleb128 0x2
 298 0098 08       		.byte	0x8
 299 0099 04       		.byte	0x4
 300 009a D8000000 		.4byte	.LASF13
 301 009e 02       		.uleb128 0x2
 302 009f 01       		.byte	0x1
 303 00a0 08       		.byte	0x8
 304 00a1 9C010000 		.4byte	.LASF14
 305 00a5 02       		.uleb128 0x2
 306 00a6 04       		.byte	0x4
 307 00a7 07       		.byte	0x7
 308 00a8 85010000 		.4byte	.LASF15
 309 00ac 05       		.uleb128 0x5
 310 00ad 17       		.byte	0x17
 311 00ae 03       		.byte	0x3
 312 00af 42       		.byte	0x42
 313 00b0 FB000000 		.4byte	0xfb
 314 00b4 06       		.uleb128 0x6
 315 00b5 F0010000 		.4byte	.LASF16
 316 00b9 03       		.byte	0x3
 317 00ba 4C       		.byte	0x4c
 318 00bb FB000000 		.4byte	0xfb
ARM GAS  C:\Users\Miriam\AppData\Local\Temp\cc1zZ3We.s 			page 11


 319 00bf 02       		.byte	0x2
 320 00c0 23       		.byte	0x23
 321 00c1 00       		.uleb128 0
 322 00c2 06       		.uleb128 0x6
 323 00c3 0D020000 		.4byte	.LASF17
 324 00c7 03       		.byte	0x3
 325 00c8 4D       		.byte	0x4d
 326 00c9 FB000000 		.4byte	0xfb
 327 00cd 02       		.byte	0x2
 328 00ce 23       		.byte	0x23
 329 00cf 08       		.uleb128 0x8
 330 00d0 06       		.uleb128 0x6
 331 00d1 0D000000 		.4byte	.LASF18
 332 00d5 03       		.byte	0x3
 333 00d6 4F       		.byte	0x4f
 334 00d7 0B010000 		.4byte	0x10b
 335 00db 02       		.byte	0x2
 336 00dc 23       		.byte	0x23
 337 00dd 10       		.uleb128 0x10
 338 00de 06       		.uleb128 0x6
 339 00df DF000000 		.4byte	.LASF19
 340 00e3 03       		.byte	0x3
 341 00e4 51       		.byte	0x51
 342 00e5 1B010000 		.4byte	0x11b
 343 00e9 02       		.byte	0x2
 344 00ea 23       		.byte	0x23
 345 00eb 14       		.uleb128 0x14
 346 00ec 06       		.uleb128 0x6
 347 00ed 4B000000 		.4byte	.LASF20
 348 00f1 03       		.byte	0x3
 349 00f2 61       		.byte	0x61
 350 00f3 7A000000 		.4byte	0x7a
 351 00f7 02       		.byte	0x2
 352 00f8 23       		.byte	0x23
 353 00f9 15       		.uleb128 0x15
 354 00fa 00       		.byte	0
 355 00fb 07       		.uleb128 0x7
 356 00fc 7A000000 		.4byte	0x7a
 357 0100 0B010000 		.4byte	0x10b
 358 0104 08       		.uleb128 0x8
 359 0105 A5000000 		.4byte	0xa5
 360 0109 03       		.byte	0x3
 361 010a 00       		.byte	0
 362 010b 07       		.uleb128 0x7
 363 010c 6F000000 		.4byte	0x6f
 364 0110 1B010000 		.4byte	0x11b
 365 0114 08       		.uleb128 0x8
 366 0115 A5000000 		.4byte	0xa5
 367 0119 03       		.byte	0x3
 368 011a 00       		.byte	0
 369 011b 07       		.uleb128 0x7
 370 011c 6F000000 		.4byte	0x6f
 371 0120 2B010000 		.4byte	0x12b
 372 0124 08       		.uleb128 0x8
 373 0125 A5000000 		.4byte	0xa5
 374 0129 00       		.byte	0
 375 012a 00       		.byte	0
ARM GAS  C:\Users\Miriam\AppData\Local\Temp\cc1zZ3We.s 			page 12


 376 012b 04       		.uleb128 0x4
 377 012c A1010000 		.4byte	.LASF21
 378 0130 03       		.byte	0x3
 379 0131 62       		.byte	0x62
 380 0132 AC000000 		.4byte	0xac
 381 0136 05       		.uleb128 0x5
 382 0137 1A       		.byte	0x1a
 383 0138 03       		.byte	0x3
 384 0139 7A       		.byte	0x7a
 385 013a 69010000 		.4byte	0x169
 386 013e 06       		.uleb128 0x6
 387 013f B1010000 		.4byte	.LASF22
 388 0143 03       		.byte	0x3
 389 0144 7C       		.byte	0x7c
 390 0145 6F000000 		.4byte	0x6f
 391 0149 02       		.byte	0x2
 392 014a 23       		.byte	0x23
 393 014b 00       		.uleb128 0
 394 014c 06       		.uleb128 0x6
 395 014d 6E000000 		.4byte	.LASF23
 396 0151 03       		.byte	0x3
 397 0152 7D       		.byte	0x7d
 398 0153 7A000000 		.4byte	0x7a
 399 0157 02       		.byte	0x2
 400 0158 23       		.byte	0x23
 401 0159 01       		.uleb128 0x1
 402 015a 06       		.uleb128 0x6
 403 015b C0010000 		.4byte	.LASF24
 404 015f 03       		.byte	0x3
 405 0160 7E       		.byte	0x7e
 406 0161 2B010000 		.4byte	0x12b
 407 0165 02       		.byte	0x2
 408 0166 23       		.byte	0x23
 409 0167 03       		.uleb128 0x3
 410 0168 00       		.byte	0
 411 0169 04       		.uleb128 0x4
 412 016a 3A000000 		.4byte	.LASF25
 413 016e 03       		.byte	0x3
 414 016f 83       		.byte	0x83
 415 0170 36010000 		.4byte	0x136
 416 0174 05       		.uleb128 0x5
 417 0175 1B       		.byte	0x1b
 418 0176 03       		.byte	0x3
 419 0177 87       		.byte	0x87
 420 0178 99010000 		.4byte	0x199
 421 017c 06       		.uleb128 0x6
 422 017d 00000000 		.4byte	.LASF26
 423 0181 03       		.byte	0x3
 424 0182 89       		.byte	0x89
 425 0183 6F000000 		.4byte	0x6f
 426 0187 02       		.byte	0x2
 427 0188 23       		.byte	0x23
 428 0189 00       		.uleb128 0
 429 018a 06       		.uleb128 0x6
 430 018b 33010000 		.4byte	.LASF27
 431 018f 03       		.byte	0x3
 432 0190 8A       		.byte	0x8a
ARM GAS  C:\Users\Miriam\AppData\Local\Temp\cc1zZ3We.s 			page 13


 433 0191 69010000 		.4byte	0x169
 434 0195 02       		.byte	0x2
 435 0196 23       		.byte	0x23
 436 0197 01       		.uleb128 0x1
 437 0198 00       		.byte	0
 438 0199 04       		.uleb128 0x4
 439 019a 14000000 		.4byte	.LASF28
 440 019e 03       		.byte	0x3
 441 019f 8C       		.byte	0x8c
 442 01a0 74010000 		.4byte	0x174
 443 01a4 09       		.uleb128 0x9
 444 01a5 01       		.byte	0x1
 445 01a6 54000000 		.4byte	.LASF29
 446 01aa 01       		.byte	0x1
 447 01ab 32       		.byte	0x32
 448 01ac 01       		.byte	0x1
 449 01ad 00000000 		.4byte	.LFB33
 450 01b1 40000000 		.4byte	.LFE33
 451 01b5 00000000 		.4byte	.LLST0
 452 01b9 01       		.byte	0x1
 453 01ba 09       		.uleb128 0x9
 454 01bb 01       		.byte	0x1
 455 01bc C7010000 		.4byte	.LASF30
 456 01c0 01       		.byte	0x1
 457 01c1 67       		.byte	0x67
 458 01c2 01       		.byte	0x1
 459 01c3 00000000 		.4byte	.LFB34
 460 01c7 5C000000 		.4byte	.LFE34
 461 01cb 2C000000 		.4byte	.LLST1
 462 01cf 01       		.byte	0x1
 463 01d0 0A       		.uleb128 0xa
 464 01d1 01       		.byte	0x1
 465 01d2 18010000 		.4byte	.LASF36
 466 01d6 01       		.byte	0x1
 467 01d7 AB       		.byte	0xab
 468 01d8 01       		.byte	0x1
 469 01d9 00000000 		.4byte	.LFB35
 470 01dd 58000000 		.4byte	.LFE35
 471 01e1 58000000 		.4byte	.LLST2
 472 01e5 01       		.byte	0x1
 473 01e6 05020000 		.4byte	0x205
 474 01ea 0B       		.uleb128 0xb
 475 01eb C0010000 		.4byte	.LASF24
 476 01ef 01       		.byte	0x1
 477 01f0 AB       		.byte	0xab
 478 01f1 05020000 		.4byte	0x205
 479 01f5 02       		.byte	0x2
 480 01f6 91       		.byte	0x91
 481 01f7 6C       		.sleb128 -20
 482 01f8 0C       		.uleb128 0xc
 483 01f9 6900     		.ascii	"i\000"
 484 01fb 01       		.byte	0x1
 485 01fc AD       		.byte	0xad
 486 01fd 6F000000 		.4byte	0x6f
 487 0201 02       		.byte	0x2
 488 0202 91       		.byte	0x91
 489 0203 77       		.sleb128 -9
ARM GAS  C:\Users\Miriam\AppData\Local\Temp\cc1zZ3We.s 			page 14


 490 0204 00       		.byte	0
 491 0205 0D       		.uleb128 0xd
 492 0206 04       		.byte	0x4
 493 0207 0B020000 		.4byte	0x20b
 494 020b 0E       		.uleb128 0xe
 495 020c 2B010000 		.4byte	0x12b
 496 0210 0F       		.uleb128 0xf
 497 0211 6E010000 		.4byte	.LASF31
 498 0215 01       		.byte	0x1
 499 0216 17       		.byte	0x17
 500 0217 22020000 		.4byte	0x222
 501 021b 01       		.byte	0x1
 502 021c 05       		.byte	0x5
 503 021d 03       		.byte	0x3
 504 021e 00000000 		.4byte	CapSense_mailboxesComm
 505 0222 0E       		.uleb128 0xe
 506 0223 99010000 		.4byte	0x199
 507 0227 10       		.uleb128 0x10
 508 0228 DA010000 		.4byte	.LASF32
 509 022c 01       		.byte	0x1
 510 022d 18       		.byte	0x18
 511 022e 1B010000 		.4byte	0x11b
 512 0232 01       		.byte	0x1
 513 0233 01       		.byte	0x1
 514 0234 00       		.byte	0
 515              		.section	.debug_abbrev,"",%progbits
 516              	.Ldebug_abbrev0:
 517 0000 01       		.uleb128 0x1
 518 0001 11       		.uleb128 0x11
 519 0002 01       		.byte	0x1
 520 0003 25       		.uleb128 0x25
 521 0004 0E       		.uleb128 0xe
 522 0005 13       		.uleb128 0x13
 523 0006 0B       		.uleb128 0xb
 524 0007 03       		.uleb128 0x3
 525 0008 0E       		.uleb128 0xe
 526 0009 1B       		.uleb128 0x1b
 527 000a 0E       		.uleb128 0xe
 528 000b 55       		.uleb128 0x55
 529 000c 06       		.uleb128 0x6
 530 000d 11       		.uleb128 0x11
 531 000e 01       		.uleb128 0x1
 532 000f 52       		.uleb128 0x52
 533 0010 01       		.uleb128 0x1
 534 0011 10       		.uleb128 0x10
 535 0012 06       		.uleb128 0x6
 536 0013 00       		.byte	0
 537 0014 00       		.byte	0
 538 0015 02       		.uleb128 0x2
 539 0016 24       		.uleb128 0x24
 540 0017 00       		.byte	0
 541 0018 0B       		.uleb128 0xb
 542 0019 0B       		.uleb128 0xb
 543 001a 3E       		.uleb128 0x3e
 544 001b 0B       		.uleb128 0xb
 545 001c 03       		.uleb128 0x3
 546 001d 0E       		.uleb128 0xe
ARM GAS  C:\Users\Miriam\AppData\Local\Temp\cc1zZ3We.s 			page 15


 547 001e 00       		.byte	0
 548 001f 00       		.byte	0
 549 0020 03       		.uleb128 0x3
 550 0021 24       		.uleb128 0x24
 551 0022 00       		.byte	0
 552 0023 0B       		.uleb128 0xb
 553 0024 0B       		.uleb128 0xb
 554 0025 3E       		.uleb128 0x3e
 555 0026 0B       		.uleb128 0xb
 556 0027 03       		.uleb128 0x3
 557 0028 08       		.uleb128 0x8
 558 0029 00       		.byte	0
 559 002a 00       		.byte	0
 560 002b 04       		.uleb128 0x4
 561 002c 16       		.uleb128 0x16
 562 002d 00       		.byte	0
 563 002e 03       		.uleb128 0x3
 564 002f 0E       		.uleb128 0xe
 565 0030 3A       		.uleb128 0x3a
 566 0031 0B       		.uleb128 0xb
 567 0032 3B       		.uleb128 0x3b
 568 0033 0B       		.uleb128 0xb
 569 0034 49       		.uleb128 0x49
 570 0035 13       		.uleb128 0x13
 571 0036 00       		.byte	0
 572 0037 00       		.byte	0
 573 0038 05       		.uleb128 0x5
 574 0039 13       		.uleb128 0x13
 575 003a 01       		.byte	0x1
 576 003b 0B       		.uleb128 0xb
 577 003c 0B       		.uleb128 0xb
 578 003d 3A       		.uleb128 0x3a
 579 003e 0B       		.uleb128 0xb
 580 003f 3B       		.uleb128 0x3b
 581 0040 0B       		.uleb128 0xb
 582 0041 01       		.uleb128 0x1
 583 0042 13       		.uleb128 0x13
 584 0043 00       		.byte	0
 585 0044 00       		.byte	0
 586 0045 06       		.uleb128 0x6
 587 0046 0D       		.uleb128 0xd
 588 0047 00       		.byte	0
 589 0048 03       		.uleb128 0x3
 590 0049 0E       		.uleb128 0xe
 591 004a 3A       		.uleb128 0x3a
 592 004b 0B       		.uleb128 0xb
 593 004c 3B       		.uleb128 0x3b
 594 004d 0B       		.uleb128 0xb
 595 004e 49       		.uleb128 0x49
 596 004f 13       		.uleb128 0x13
 597 0050 38       		.uleb128 0x38
 598 0051 0A       		.uleb128 0xa
 599 0052 00       		.byte	0
 600 0053 00       		.byte	0
 601 0054 07       		.uleb128 0x7
 602 0055 01       		.uleb128 0x1
 603 0056 01       		.byte	0x1
ARM GAS  C:\Users\Miriam\AppData\Local\Temp\cc1zZ3We.s 			page 16


 604 0057 49       		.uleb128 0x49
 605 0058 13       		.uleb128 0x13
 606 0059 01       		.uleb128 0x1
 607 005a 13       		.uleb128 0x13
 608 005b 00       		.byte	0
 609 005c 00       		.byte	0
 610 005d 08       		.uleb128 0x8
 611 005e 21       		.uleb128 0x21
 612 005f 00       		.byte	0
 613 0060 49       		.uleb128 0x49
 614 0061 13       		.uleb128 0x13
 615 0062 2F       		.uleb128 0x2f
 616 0063 0B       		.uleb128 0xb
 617 0064 00       		.byte	0
 618 0065 00       		.byte	0
 619 0066 09       		.uleb128 0x9
 620 0067 2E       		.uleb128 0x2e
 621 0068 00       		.byte	0
 622 0069 3F       		.uleb128 0x3f
 623 006a 0C       		.uleb128 0xc
 624 006b 03       		.uleb128 0x3
 625 006c 0E       		.uleb128 0xe
 626 006d 3A       		.uleb128 0x3a
 627 006e 0B       		.uleb128 0xb
 628 006f 3B       		.uleb128 0x3b
 629 0070 0B       		.uleb128 0xb
 630 0071 27       		.uleb128 0x27
 631 0072 0C       		.uleb128 0xc
 632 0073 11       		.uleb128 0x11
 633 0074 01       		.uleb128 0x1
 634 0075 12       		.uleb128 0x12
 635 0076 01       		.uleb128 0x1
 636 0077 40       		.uleb128 0x40
 637 0078 06       		.uleb128 0x6
 638 0079 9642     		.uleb128 0x2116
 639 007b 0C       		.uleb128 0xc
 640 007c 00       		.byte	0
 641 007d 00       		.byte	0
 642 007e 0A       		.uleb128 0xa
 643 007f 2E       		.uleb128 0x2e
 644 0080 01       		.byte	0x1
 645 0081 3F       		.uleb128 0x3f
 646 0082 0C       		.uleb128 0xc
 647 0083 03       		.uleb128 0x3
 648 0084 0E       		.uleb128 0xe
 649 0085 3A       		.uleb128 0x3a
 650 0086 0B       		.uleb128 0xb
 651 0087 3B       		.uleb128 0x3b
 652 0088 0B       		.uleb128 0xb
 653 0089 27       		.uleb128 0x27
 654 008a 0C       		.uleb128 0xc
 655 008b 11       		.uleb128 0x11
 656 008c 01       		.uleb128 0x1
 657 008d 12       		.uleb128 0x12
 658 008e 01       		.uleb128 0x1
 659 008f 40       		.uleb128 0x40
 660 0090 06       		.uleb128 0x6
ARM GAS  C:\Users\Miriam\AppData\Local\Temp\cc1zZ3We.s 			page 17


 661 0091 9642     		.uleb128 0x2116
 662 0093 0C       		.uleb128 0xc
 663 0094 01       		.uleb128 0x1
 664 0095 13       		.uleb128 0x13
 665 0096 00       		.byte	0
 666 0097 00       		.byte	0
 667 0098 0B       		.uleb128 0xb
 668 0099 05       		.uleb128 0x5
 669 009a 00       		.byte	0
 670 009b 03       		.uleb128 0x3
 671 009c 0E       		.uleb128 0xe
 672 009d 3A       		.uleb128 0x3a
 673 009e 0B       		.uleb128 0xb
 674 009f 3B       		.uleb128 0x3b
 675 00a0 0B       		.uleb128 0xb
 676 00a1 49       		.uleb128 0x49
 677 00a2 13       		.uleb128 0x13
 678 00a3 02       		.uleb128 0x2
 679 00a4 0A       		.uleb128 0xa
 680 00a5 00       		.byte	0
 681 00a6 00       		.byte	0
 682 00a7 0C       		.uleb128 0xc
 683 00a8 34       		.uleb128 0x34
 684 00a9 00       		.byte	0
 685 00aa 03       		.uleb128 0x3
 686 00ab 08       		.uleb128 0x8
 687 00ac 3A       		.uleb128 0x3a
 688 00ad 0B       		.uleb128 0xb
 689 00ae 3B       		.uleb128 0x3b
 690 00af 0B       		.uleb128 0xb
 691 00b0 49       		.uleb128 0x49
 692 00b1 13       		.uleb128 0x13
 693 00b2 02       		.uleb128 0x2
 694 00b3 0A       		.uleb128 0xa
 695 00b4 00       		.byte	0
 696 00b5 00       		.byte	0
 697 00b6 0D       		.uleb128 0xd
 698 00b7 0F       		.uleb128 0xf
 699 00b8 00       		.byte	0
 700 00b9 0B       		.uleb128 0xb
 701 00ba 0B       		.uleb128 0xb
 702 00bb 49       		.uleb128 0x49
 703 00bc 13       		.uleb128 0x13
 704 00bd 00       		.byte	0
 705 00be 00       		.byte	0
 706 00bf 0E       		.uleb128 0xe
 707 00c0 35       		.uleb128 0x35
 708 00c1 00       		.byte	0
 709 00c2 49       		.uleb128 0x49
 710 00c3 13       		.uleb128 0x13
 711 00c4 00       		.byte	0
 712 00c5 00       		.byte	0
 713 00c6 0F       		.uleb128 0xf
 714 00c7 34       		.uleb128 0x34
 715 00c8 00       		.byte	0
 716 00c9 03       		.uleb128 0x3
 717 00ca 0E       		.uleb128 0xe
ARM GAS  C:\Users\Miriam\AppData\Local\Temp\cc1zZ3We.s 			page 18


 718 00cb 3A       		.uleb128 0x3a
 719 00cc 0B       		.uleb128 0xb
 720 00cd 3B       		.uleb128 0x3b
 721 00ce 0B       		.uleb128 0xb
 722 00cf 49       		.uleb128 0x49
 723 00d0 13       		.uleb128 0x13
 724 00d1 3F       		.uleb128 0x3f
 725 00d2 0C       		.uleb128 0xc
 726 00d3 02       		.uleb128 0x2
 727 00d4 0A       		.uleb128 0xa
 728 00d5 00       		.byte	0
 729 00d6 00       		.byte	0
 730 00d7 10       		.uleb128 0x10
 731 00d8 34       		.uleb128 0x34
 732 00d9 00       		.byte	0
 733 00da 03       		.uleb128 0x3
 734 00db 0E       		.uleb128 0xe
 735 00dc 3A       		.uleb128 0x3a
 736 00dd 0B       		.uleb128 0xb
 737 00de 3B       		.uleb128 0x3b
 738 00df 0B       		.uleb128 0xb
 739 00e0 49       		.uleb128 0x49
 740 00e1 13       		.uleb128 0x13
 741 00e2 3F       		.uleb128 0x3f
 742 00e3 0C       		.uleb128 0xc
 743 00e4 3C       		.uleb128 0x3c
 744 00e5 0C       		.uleb128 0xc
 745 00e6 00       		.byte	0
 746 00e7 00       		.byte	0
 747 00e8 00       		.byte	0
 748              		.section	.debug_loc,"",%progbits
 749              	.Ldebug_loc0:
 750              	.LLST0:
 751 0000 00000000 		.4byte	.LFB33
 752 0004 02000000 		.4byte	.LCFI0
 753 0008 0200     		.2byte	0x2
 754 000a 7D       		.byte	0x7d
 755 000b 00       		.sleb128 0
 756 000c 02000000 		.4byte	.LCFI0
 757 0010 04000000 		.4byte	.LCFI1
 758 0014 0200     		.2byte	0x2
 759 0016 7D       		.byte	0x7d
 760 0017 08       		.sleb128 8
 761 0018 04000000 		.4byte	.LCFI1
 762 001c 40000000 		.4byte	.LFE33
 763 0020 0200     		.2byte	0x2
 764 0022 77       		.byte	0x77
 765 0023 08       		.sleb128 8
 766 0024 00000000 		.4byte	0
 767 0028 00000000 		.4byte	0
 768              	.LLST1:
 769 002c 00000000 		.4byte	.LFB34
 770 0030 02000000 		.4byte	.LCFI2
 771 0034 0200     		.2byte	0x2
 772 0036 7D       		.byte	0x7d
 773 0037 00       		.sleb128 0
 774 0038 02000000 		.4byte	.LCFI2
ARM GAS  C:\Users\Miriam\AppData\Local\Temp\cc1zZ3We.s 			page 19


 775 003c 04000000 		.4byte	.LCFI3
 776 0040 0200     		.2byte	0x2
 777 0042 7D       		.byte	0x7d
 778 0043 08       		.sleb128 8
 779 0044 04000000 		.4byte	.LCFI3
 780 0048 5C000000 		.4byte	.LFE34
 781 004c 0200     		.2byte	0x2
 782 004e 77       		.byte	0x77
 783 004f 08       		.sleb128 8
 784 0050 00000000 		.4byte	0
 785 0054 00000000 		.4byte	0
 786              	.LLST2:
 787 0058 00000000 		.4byte	.LFB35
 788 005c 02000000 		.4byte	.LCFI4
 789 0060 0200     		.2byte	0x2
 790 0062 7D       		.byte	0x7d
 791 0063 00       		.sleb128 0
 792 0064 02000000 		.4byte	.LCFI4
 793 0068 04000000 		.4byte	.LCFI5
 794 006c 0200     		.2byte	0x2
 795 006e 7D       		.byte	0x7d
 796 006f 08       		.sleb128 8
 797 0070 04000000 		.4byte	.LCFI5
 798 0074 06000000 		.4byte	.LCFI6
 799 0078 0200     		.2byte	0x2
 800 007a 7D       		.byte	0x7d
 801 007b 18       		.sleb128 24
 802 007c 06000000 		.4byte	.LCFI6
 803 0080 58000000 		.4byte	.LFE35
 804 0084 0200     		.2byte	0x2
 805 0086 77       		.byte	0x77
 806 0087 18       		.sleb128 24
 807 0088 00000000 		.4byte	0
 808 008c 00000000 		.4byte	0
 809              		.section	.debug_aranges,"",%progbits
 810 0000 2C000000 		.4byte	0x2c
 811 0004 0200     		.2byte	0x2
 812 0006 00000000 		.4byte	.Ldebug_info0
 813 000a 04       		.byte	0x4
 814 000b 00       		.byte	0
 815 000c 0000     		.2byte	0
 816 000e 0000     		.2byte	0
 817 0010 00000000 		.4byte	.LFB33
 818 0014 40000000 		.4byte	.LFE33-.LFB33
 819 0018 00000000 		.4byte	.LFB34
 820 001c 5C000000 		.4byte	.LFE34-.LFB34
 821 0020 00000000 		.4byte	.LFB35
 822 0024 58000000 		.4byte	.LFE35-.LFB35
 823 0028 00000000 		.4byte	0
 824 002c 00000000 		.4byte	0
 825              		.section	.debug_ranges,"",%progbits
 826              	.Ldebug_ranges0:
 827 0000 00000000 		.4byte	.LFB33
 828 0004 40000000 		.4byte	.LFE33
 829 0008 00000000 		.4byte	.LFB34
 830 000c 5C000000 		.4byte	.LFE34
 831 0010 00000000 		.4byte	.LFB35
ARM GAS  C:\Users\Miriam\AppData\Local\Temp\cc1zZ3We.s 			page 20


 832 0014 58000000 		.4byte	.LFE35
 833 0018 00000000 		.4byte	0
 834 001c 00000000 		.4byte	0
 835              		.section	.debug_line,"",%progbits
 836              	.Ldebug_line0:
 837 0000 D5000000 		.section	.debug_str,"MS",%progbits,1
 837      02006500 
 837      00000201 
 837      FB0E0D00 
 837      01010101 
 838              	.LASF26:
 839 0000 6E756D4D 		.ascii	"numMailBoxes\000"
 839      61696C42 
 839      6F786573 
 839      00
 840              	.LASF18:
 841 000d 7369676E 		.ascii	"signal\000"
 841      616C00
 842              	.LASF28:
 843 0014 43617053 		.ascii	"CapSense_MAILBOXES\000"
 843      656E7365 
 843      5F4D4149 
 843      4C424F58 
 843      455300
 844              	.LASF3:
 845 0027 73686F72 		.ascii	"short unsigned int\000"
 845      7420756E 
 845      7369676E 
 845      65642069 
 845      6E7400
 846              	.LASF25:
 847 003a 43617053 		.ascii	"CapSense_MAILBOX\000"
 847      656E7365 
 847      5F4D4149 
 847      4C424F58 
 847      00
 848              	.LASF20:
 849 004b 63686563 		.ascii	"checkSum\000"
 849      6B53756D 
 849      00
 850              	.LASF29:
 851 0054 43617053 		.ascii	"CapSense_TunerStart\000"
 851      656E7365 
 851      5F54756E 
 851      65725374 
 851      61727400 
 852              	.LASF12:
 853 0068 666C6F61 		.ascii	"float\000"
 853      7400
 854              	.LASF23:
 855 006e 73697A65 		.ascii	"size\000"
 855      00
 856              	.LASF5:
 857 0073 6C6F6E67 		.ascii	"long unsigned int\000"
 857      20756E73 
 857      69676E65 
 857      6420696E 
ARM GAS  C:\Users\Miriam\AppData\Local\Temp\cc1zZ3We.s 			page 21


 857      7400
 858              	.LASF9:
 859 0085 75696E74 		.ascii	"uint8\000"
 859      3800
 860              	.LASF35:
 861 008b 433A5C55 		.ascii	"C:\\Users\\Miriam\\Documents\\PSoC Creator\\USB-UAR"
 861      73657273 
 861      5C4D6972 
 861      69616D5C 
 861      446F6375 
 862 00b9 545C5553 		.ascii	"T\\USB-UART.cydsn\000"
 862      422D5541 
 862      52542E63 
 862      7964736E 
 862      00
 863              	.LASF1:
 864 00ca 756E7369 		.ascii	"unsigned char\000"
 864      676E6564 
 864      20636861 
 864      7200
 865              	.LASF13:
 866 00d8 646F7562 		.ascii	"double\000"
 866      6C6500
 867              	.LASF19:
 868 00df 6F6E4D61 		.ascii	"onMask\000"
 868      736B00
 869              	.LASF10:
 870 00e6 75696E74 		.ascii	"uint16\000"
 870      313600
 871              	.LASF11:
 872 00ed 75696E74 		.ascii	"uint32\000"
 872      333200
 873              	.LASF8:
 874 00f4 756E7369 		.ascii	"unsigned int\000"
 874      676E6564 
 874      20696E74 
 874      00
 875              	.LASF7:
 876 0101 6C6F6E67 		.ascii	"long long unsigned int\000"
 876      206C6F6E 
 876      6720756E 
 876      7369676E 
 876      65642069 
 877              	.LASF36:
 878 0118 43617053 		.ascii	"CapSense_ProcessAllWidgets\000"
 878      656E7365 
 878      5F50726F 
 878      63657373 
 878      416C6C57 
 879              	.LASF27:
 880 0133 6373644D 		.ascii	"csdMailbox\000"
 880      61696C62 
 880      6F7800
 881              	.LASF34:
 882 013e 2E5C4765 		.ascii	".\\Generated_Source\\PSoC4\\CapSense_TunerHelper.c\000"
 882      6E657261 
 882      7465645F 
ARM GAS  C:\Users\Miriam\AppData\Local\Temp\cc1zZ3We.s 			page 22


 882      536F7572 
 882      63655C50 
 883              	.LASF31:
 884 016e 43617053 		.ascii	"CapSense_mailboxesComm\000"
 884      656E7365 
 884      5F6D6169 
 884      6C626F78 
 884      6573436F 
 885              	.LASF15:
 886 0185 73697A65 		.ascii	"sizetype\000"
 886      74797065 
 886      00
 887              	.LASF6:
 888 018e 6C6F6E67 		.ascii	"long long int\000"
 888      206C6F6E 
 888      6720696E 
 888      7400
 889              	.LASF14:
 890 019c 63686172 		.ascii	"char\000"
 890      00
 891              	.LASF21:
 892 01a1 43617053 		.ascii	"CapSense_OUTBOX\000"
 892      656E7365 
 892      5F4F5554 
 892      424F5800 
 893              	.LASF22:
 894 01b1 74797065 		.ascii	"type\000"
 894      00
 895              	.LASF2:
 896 01b6 73686F72 		.ascii	"short int\000"
 896      7420696E 
 896      7400
 897              	.LASF24:
 898 01c0 6F757462 		.ascii	"outbox\000"
 898      6F7800
 899              	.LASF30:
 900 01c7 43617053 		.ascii	"CapSense_TunerComm\000"
 900      656E7365 
 900      5F54756E 
 900      6572436F 
 900      6D6D00
 901              	.LASF32:
 902 01da 43617053 		.ascii	"CapSense_sensorOnMask\000"
 902      656E7365 
 902      5F73656E 
 902      736F724F 
 902      6E4D6173 
 903              	.LASF16:
 904 01f0 72617744 		.ascii	"rawData\000"
 904      61746100 
 905              	.LASF4:
 906 01f8 6C6F6E67 		.ascii	"long int\000"
 906      20696E74 
 906      00
 907              	.LASF0:
 908 0201 7369676E 		.ascii	"signed char\000"
 908      65642063 
ARM GAS  C:\Users\Miriam\AppData\Local\Temp\cc1zZ3We.s 			page 23


 908      68617200 
 909              	.LASF17:
 910 020d 62617365 		.ascii	"baseLine\000"
 910      4C696E65 
 910      00
 911              	.LASF33:
 912 0216 474E5520 		.ascii	"GNU C 4.7.3 20130312 (release) [ARM/embedded-4_7-br"
 912      4320342E 
 912      372E3320 
 912      32303133 
 912      30333132 
 913 0249 616E6368 		.ascii	"anch revision 196615]\000"
 913      20726576 
 913      6973696F 
 913      6E203139 
 913      36363135 
 914              		.ident	"GCC: (GNU Tools for ARM Embedded Processors) 4.7.3 20130312 (release) [ARM/embedded-4_7-br
